#-----------------------------------------------------------
# Vivado v2022.2 (64-bit)
# SW Build 3671981 on Fri Oct 14 05:00:03 MDT 2022
# IP Build 3669848 on Fri Oct 14 08:30:02 MDT 2022
# Start of session at: Mon Apr 24 10:59:17 2023
# Process ID: 5888
# Current directory: D:/subirGITHUB/PyroDriver/PyroDriver/PyroDriver
# Command line: vivado.exe -gui_launcher_event rodinguilauncherevent15412 D:\subirGITHUB\PyroDriver\PyroDriver\PyroDriver\PyroDriver.xpr
# Log file: D:/subirGITHUB/PyroDriver/PyroDriver/PyroDriver/vivado.log
# Journal file: D:/subirGITHUB/PyroDriver/PyroDriver/PyroDriver\vivado.jou
# Running On: DESKTOP-8NP5GKR, OS: Windows, CPU Frequency: 2803 MHz, CPU Physical cores: 4, Host memory: 8358 MB
#-----------------------------------------------------------
start_gui
open_project D:/subirGITHUB/PyroDriver/PyroDriver/PyroDriver/PyroDriver.xpr
WARNING: [Board 49-26] cannot add Board Part xilinx.com:kc705:part0:1.6 available at C:/Xilinx/Vivado/2022.2/data/xhub/boards/XilinxBoardStore/boards/Xilinx/kc705/1.6/board.xml as part xc7k325tffg900-2 specified in board_part file is either invalid or not available
WARNING: [Board 49-26] cannot add Board Part xilinx.com:kcu105:part0:1.6 available at C:/Xilinx/Vivado/2022.2/data/xhub/boards/XilinxBoardStore/boards/Xilinx/kcu105/1.6/board.xml as part xcku040-ffva1156-2-e specified in board_part file is either invalid or not available
WARNING: [Board 49-26] cannot add Board Part xilinx.com:kcu105:part0:1.7 available at C:/Xilinx/Vivado/2022.2/data/xhub/boards/XilinxBoardStore/boards/Xilinx/kcu105/1.7/board.xml as part xcku040-ffva1156-2-e specified in board_part file is either invalid or not available
WARNING: [Board 49-26] cannot add Board Part xilinx.com:kcu1500:part0:1.2 available at C:/Xilinx/Vivado/2022.2/data/xhub/boards/XilinxBoardStore/boards/Xilinx/kcu1500/1.2/board.xml as part xcku115-flvb2104-2-e specified in board_part file is either invalid or not available
WARNING: [Board 49-26] cannot add Board Part xilinx.com:vc707:part0:1.4 available at C:/Xilinx/Vivado/2022.2/data/xhub/boards/XilinxBoardStore/boards/Xilinx/vc707/1.4/board.xml as part xc7vx485tffg1761-2 specified in board_part file is either invalid or not available
WARNING: [Board 49-26] cannot add Board Part xilinx.com:vc709:part0:1.8 available at C:/Xilinx/Vivado/2022.2/data/xhub/boards/XilinxBoardStore/boards/Xilinx/vc709/1.8/board.xml as part xc7vx690tffg1761-2 specified in board_part file is either invalid or not available
WARNING: [Board 49-26] cannot add Board Part xilinx.com:vck190:part0:2.2 available at C:/Xilinx/Vivado/2022.2/data/xhub/boards/XilinxBoardStore/boards/Xilinx/vck190/production/2.2/board.xml as part xcvc1902-vsva2197-2mp-e-s specified in board_part file is either invalid or not available
WARNING: [Board 49-26] cannot add Board Part xilinx.com:vck190:part0:3.0 available at C:/Xilinx/Vivado/2022.2/data/xhub/boards/XilinxBoardStore/boards/Xilinx/vck190/production/3.0/board.xml as part xcvc1902-vsva2197-2mp-e-s specified in board_part file is either invalid or not available
WARNING: [Board 49-26] cannot add Board Part xilinx.com:vck190:part0:3.1 available at C:/Xilinx/Vivado/2022.2/data/xhub/boards/XilinxBoardStore/boards/Xilinx/vck190/production/3.1/board.xml as part xcvc1902-vsva2197-2mp-e-s specified in board_part file is either invalid or not available
WARNING: [Board 49-26] cannot add Board Part xilinx.com:vck190_newl:part0:1.0 available at C:/Xilinx/Vivado/2022.2/data/xhub/boards/XilinxBoardStore/boards/Xilinx/vck190_newl/production/1.0/board.xml as part xcvc1902-vsva2197-2mp-e-s specified in board_part file is either invalid or not available
WARNING: [Board 49-26] cannot add Board Part xilinx.com:vcu108:part0:1.6 available at C:/Xilinx/Vivado/2022.2/data/xhub/boards/XilinxBoardStore/boards/Xilinx/vcu108/1.6/board.xml as part xcvu095-ffva2104-2-e specified in board_part file is either invalid or not available
WARNING: [Board 49-26] cannot add Board Part xilinx.com:vcu108:part0:1.7 available at C:/Xilinx/Vivado/2022.2/data/xhub/boards/XilinxBoardStore/boards/Xilinx/vcu108/1.7/board.xml as part xcvu095-ffva2104-2-e specified in board_part file is either invalid or not available
WARNING: [Board 49-26] cannot add Board Part xilinx.com:vcu110:part0:1.4 available at C:/Xilinx/Vivado/2022.2/data/xhub/boards/XilinxBoardStore/boards/Xilinx/vcu110/1.4/board.xml as part xcvu190-flgc2104-2-e specified in board_part file is either invalid or not available
WARNING: [Board 49-26] cannot add Board Part xilinx.com:vcu118:part0:2.0 available at C:/Xilinx/Vivado/2022.2/data/xhub/boards/XilinxBoardStore/boards/Xilinx/vcu118/2.0/board.xml as part xcvu9p-flga2104-2l-e specified in board_part file is either invalid or not available
WARNING: [Board 49-26] cannot add Board Part xilinx.com:vcu118:part0:2.3 available at C:/Xilinx/Vivado/2022.2/data/xhub/boards/XilinxBoardStore/boards/Xilinx/vcu118/2.3/board.xml as part xcvu9p-flga2104-2l-e specified in board_part file is either invalid or not available
WARNING: [Board 49-26] cannot add Board Part xilinx.com:vcu118:part0:2.4 available at C:/Xilinx/Vivado/2022.2/data/xhub/boards/XilinxBoardStore/boards/Xilinx/vcu118/2.4/board.xml as part xcvu9p-flga2104-2l-e specified in board_part file is either invalid or not available
WARNING: [Board 49-26] cannot add Board Part xilinx.com:vcu128:part0:1.0 available at C:/Xilinx/Vivado/2022.2/data/xhub/boards/XilinxBoardStore/boards/Xilinx/vcu128/production/1.0/board.xml as part xcvu37p-fsvh2892-2l-e specified in board_part file is either invalid or not available
WARNING: [Board 49-26] cannot add Board Part xilinx.com:vcu129:part0:1.0 available at C:/Xilinx/Vivado/2022.2/data/xhub/boards/XilinxBoardStore/boards/Xilinx/vcu129/production/1.0/board.xml as part xcvu29p-fsga2577-2l-e specified in board_part file is either invalid or not available
WARNING: [Board 49-26] cannot add Board Part xilinx.com:vcu1525:part0:1.3 available at C:/Xilinx/Vivado/2022.2/data/xhub/boards/XilinxBoardStore/boards/Xilinx/vcu1525/1.3/board.xml as part xcvu9p-fsgd2104-2l-e specified in board_part file is either invalid or not available
WARNING: [Board 49-26] cannot add Board Part xilinx.com:vek280_es:part0:1.0 available at C:/Xilinx/Vivado/2022.2/data/xhub/boards/XilinxBoardStore/boards/Xilinx/vek280/es/1.0/board.xml as part xcve2802-vsvh1760-2lp-e-s-es1 specified in board_part file is either invalid or not available
WARNING: [Board 49-26] cannot add Board Part xilinx.com:vermeo_t1_mpsoc:part0:1.0 available at C:/Xilinx/Vivado/2022.2/data/xhub/boards/XilinxBoardStore/boards/Xilinx/vermeo_t1_mpsoc/1.0/board.xml as part xczu19eg-ffvd1760-2l-e specified in board_part file is either invalid or not available
WARNING: [Board 49-26] cannot add Board Part xilinx.com:vermeo_t1_rfsoc:part0:1.0 available at C:/Xilinx/Vivado/2022.2/data/xhub/boards/XilinxBoardStore/boards/Xilinx/vermeo_t1_rfsoc/1.0/board.xml as part xczu21dr-ffvd1156-2l-e specified in board_part file is either invalid or not available
WARNING: [Board 49-26] cannot add Board Part xilinx.com:vhk158_es:part0:1.0 available at C:/Xilinx/Vivado/2022.2/data/xhub/boards/XilinxBoardStore/boards/Xilinx/vhk158/es/1.0/board.xml as part xcvh1582-vsva3697-2mp-e-s-es1 specified in board_part file is either invalid or not available
WARNING: [Board 49-26] cannot add Board Part xilinx.com:vmk180:part0:2.2 available at C:/Xilinx/Vivado/2022.2/data/xhub/boards/XilinxBoardStore/boards/Xilinx/vmk180/production/2.2/board.xml as part xcvm1802-vsva2197-2mp-e-s specified in board_part file is either invalid or not available
WARNING: [Board 49-26] cannot add Board Part xilinx.com:vmk180:part0:3.0 available at C:/Xilinx/Vivado/2022.2/data/xhub/boards/XilinxBoardStore/boards/Xilinx/vmk180/production/3.0/board.xml as part xcvm1802-vsva2197-2mp-e-s specified in board_part file is either invalid or not available
WARNING: [Board 49-26] cannot add Board Part xilinx.com:vmk180:part0:3.1 available at C:/Xilinx/Vivado/2022.2/data/xhub/boards/XilinxBoardStore/boards/Xilinx/vmk180/production/3.1/board.xml as part xcvm1802-vsva2197-2mp-e-s specified in board_part file is either invalid or not available
WARNING: [Board 49-26] cannot add Board Part xilinx.com:vmk180_newl:part0:1.0 available at C:/Xilinx/Vivado/2022.2/data/xhub/boards/XilinxBoardStore/boards/Xilinx/vmk180_newl/production/1.0/board.xml as part xcvm1802-vsva2197-2mp-e-s specified in board_part file is either invalid or not available
WARNING: [Board 49-26] cannot add Board Part xilinx.com:vpk120:part0:1.0 available at C:/Xilinx/Vivado/2022.2/data/xhub/boards/XilinxBoardStore/boards/Xilinx/vpk120/production/1.0/board.xml as part xcvp1202-vsva2785-2mp-e-s specified in board_part file is either invalid or not available
WARNING: [Board 49-26] cannot add Board Part xilinx.com:vpk120_es:part0:1.2 available at C:/Xilinx/Vivado/2022.2/data/xhub/boards/XilinxBoardStore/boards/Xilinx/vpk120/es/1.2/board.xml as part xcvp1202-vsva2785-2mp-e-s-es1 specified in board_part file is either invalid or not available
WARNING: [Board 49-26] cannot add Board Part xilinx.com:vpk120_es_revb:part0:1.0 available at C:/Xilinx/Vivado/2022.2/data/xhub/boards/XilinxBoardStore/boards/Xilinx/vpk120_revb/es/1.0/board.xml as part xcvp1202-vsva2785-2mp-e-s-es1 specified in board_part file is either invalid or not available
WARNING: [Board 49-26] cannot add Board Part xilinx.com:vpk180_es:part0:1.0 available at C:/Xilinx/Vivado/2022.2/data/xhub/boards/XilinxBoardStore/boards/Xilinx/vpk180/es/1.0/board.xml as part xcvp1802-lsvc4072-2mp-e-s-es1 specified in board_part file is either invalid or not available
WARNING: [Board 49-26] cannot add Board Part xilinx.com:zc706:part0:1.4 available at C:/Xilinx/Vivado/2022.2/data/xhub/boards/XilinxBoardStore/boards/Xilinx/zc706/1.4/board.xml as part xc7z045ffg900-2 specified in board_part file is either invalid or not available
WARNING: [Board 49-26] cannot add Board Part xilinx.com:zcu102:part0:3.3 available at C:/Xilinx/Vivado/2022.2/data/xhub/boards/XilinxBoardStore/boards/Xilinx/zcu102/3.3/board.xml as part xczu9eg-ffvb1156-2-e specified in board_part file is either invalid or not available
WARNING: [Board 49-26] cannot add Board Part xilinx.com:zcu102:part0:3.4 available at C:/Xilinx/Vivado/2022.2/data/xhub/boards/XilinxBoardStore/boards/Xilinx/zcu102/3.4/board.xml as part xczu9eg-ffvb1156-2-e specified in board_part file is either invalid or not available
WARNING: [Board 49-26] cannot add Board Part xilinx.com:zcu111:part0:1.2 available at C:/Xilinx/Vivado/2022.2/data/xhub/boards/XilinxBoardStore/boards/Xilinx/zcu111/1.2/board.xml as part xczu28dr-ffvg1517-2-e specified in board_part file is either invalid or not available
WARNING: [Board 49-26] cannot add Board Part xilinx.com:zcu111:part0:1.3 available at C:/Xilinx/Vivado/2022.2/data/xhub/boards/XilinxBoardStore/boards/Xilinx/zcu111/1.3/board.xml as part xczu28dr-ffvg1517-2-e specified in board_part file is either invalid or not available
WARNING: [Board 49-26] cannot add Board Part xilinx.com:zcu111:part0:1.4 available at C:/Xilinx/Vivado/2022.2/data/xhub/boards/XilinxBoardStore/boards/Xilinx/zcu111/1.4/board.xml as part xczu28dr-ffvg1517-2-e specified in board_part file is either invalid or not available
WARNING: [Board 49-26] cannot add Board Part xilinx.com:zcu1275:part0:1.0 available at C:/Xilinx/Vivado/2022.2/data/xhub/boards/XilinxBoardStore/boards/Xilinx/zcu1275/1.0/board.xml as part xczu29dr-ffvf1760-2-e specified in board_part file is either invalid or not available
WARNING: [Board 49-26] cannot add Board Part xilinx.com:zcu1285:part0:1.0 available at C:/Xilinx/Vivado/2022.2/data/xhub/boards/XilinxBoardStore/boards/Xilinx/zcu1285/1.0/board.xml as part xczu39dr-ffvf1760-2-i specified in board_part file is either invalid or not available
WARNING: [Board 49-26] cannot add Board Part xilinx.com:zcu208:part0:2.0 available at C:/Xilinx/Vivado/2022.2/data/xhub/boards/XilinxBoardStore/boards/Xilinx/zcu208/production/2.0/board.xml as part xczu48dr-fsvg1517-2-e specified in board_part file is either invalid or not available
WARNING: [Board 49-26] cannot add Board Part xilinx.com:zcu208ld:part0:2.0 available at C:/Xilinx/Vivado/2022.2/data/xhub/boards/XilinxBoardStore/boards/Xilinx/zcu208ld/production/2.0/board.xml as part xczu58dr-fsvg1517-2-i specified in board_part file is either invalid or not available
WARNING: [Board 49-26] cannot add Board Part xilinx.com:zcu216:part0:2.0 available at C:/Xilinx/Vivado/2022.2/data/xhub/boards/XilinxBoardStore/boards/Xilinx/zcu216/production/2.0/board.xml as part xczu49dr-ffvf1760-2-e specified in board_part file is either invalid or not available
WARNING: [Board 49-26] cannot add Board Part xilinx.com:zcu216ld:part0:2.0 available at C:/Xilinx/Vivado/2022.2/data/xhub/boards/XilinxBoardStore/boards/Xilinx/zcu216ld/production/2.0/board.xml as part xczu59dr-ffvf1760-2-i specified in board_part file is either invalid or not available
WARNING: [Board 49-26] cannot add Board Part xilinx.com:zcu670:part0:2.0 available at C:/Xilinx/Vivado/2022.2/data/xhub/boards/XilinxBoardStore/boards/Xilinx/zcu670/2.0/board.xml as part xczu67dr-fsve1156-2-i specified in board_part file is either invalid or not available
WARNING: [Board 49-26] cannot add Board Part xilinx.com:zcu670ld:part0:1.0 available at C:/Xilinx/Vivado/2022.2/data/xhub/boards/XilinxBoardStore/boards/Xilinx/zcu670ld/1.0/board.xml as part xczu57dr-fsve1156-2-i specified in board_part file is either invalid or not available
CRITICAL WARNING: [Project 1-19] Could not find the file 'D:/subirGITHUB/PyroDriver/PyroDriver/ip_repo/adc_ctrl_1.0/src/serializer.vhd'.
CRITICAL WARNING: [Project 1-19] Could not find the file 'D:/../Generic/H8834/Firmware/pl3140/pl3140/pl3140.srcs/sources_1/imports/pl3112-zx2/archive_project_summary.txt'.
CRITICAL WARNING: [Project 1-19] Could not find the file 'D:/subirGITHUB/PyroDriver/PyroDriver/ip_repo/adc_ctrl_1.0/src/arrays_pkg.vhd'.
CRITICAL WARNING: [Project 1-19] Could not find the file 'D:/subirGITHUB/PyroDriver/PyroDriver/PyroDriver/PyroDriver.srcs/sources_1/new/pk_pk_det.vhd'.
CRITICAL WARNING: [Project 1-19] Could not find the file 'D:/subirGITHUB/PyroDriver/PyroDriver/PyroDriver/PyroDriver.srcs/sources_1/new/pk_pk_det_tb.vhd'.
CRITICAL WARNING: [Project 1-19] Could not find the file 'D:/subirGITHUB/PyroDriver/PyroDriver/PyroDriver/PyroDriver.srcs/sources_1/new/before_ser_of_process.vhd'.
CRITICAL WARNING: [Project 1-19] Could not find the file 'D:/subirGITHUB/PyroDriver/PyroDriver/PyroDriver/PyroDriver.srcs/sources_1/new/pyro_maquina_estados.vhd'.
CRITICAL WARNING: [Project 1-19] Could not find the file 'D:/subirGITHUB/PyroDriver/PyroDriver/PyroDriver/PyroDriver.srcs/sources_1/new/ltc2358_pkg.vhd'.
CRITICAL WARNING: [Project 1-19] Could not find the file 'D:/subirGITHUB/PyroDriver/PyroDriver/PyroDriver/PyroDriver.srcs/sources_1/new/pulse_pkpk_avrg.vhd'.
CRITICAL WARNING: [Project 1-19] Could not find the file 'D:/subirGITHUB/PyroDriver/PyroDriver/PyroDriver/PyroDriver.srcs/sources_1/new/ADC.vhd'.
CRITICAL WARNING: [Project 1-19] Could not find the file 'D:/subirGITHUB/PyroDriver/PyroDriver/PyroDriver/PyroDriver.srcs/sources_1/new/serializer.vhd'.
CRITICAL WARNING: [Project 1-19] Could not find the file 'D:/subirGITHUB/PyroDriver/PyroDriver/PyroDriver/PyroDriver.srcs/sim_1/new/pulse_pkpk_avrg_tb.vhd'.
CRITICAL WARNING: [Project 1-19] Could not find the file 'D:/subirGITHUB/PyroDriver/PyroDriver/PyroDriver/PyroDriver.srcs/sim_1/new/ADC_tb.vhd'.
CRITICAL WARNING: [Project 1-19] Could not find the file 'D:/subirGITHUB/PyroDriver/PyroDriver/PyroDriver/PyroDriver.srcs/sim_1/new/before_ser_of_process_tb.vhd'.
CRITICAL WARNING: [Project 1-19] Could not find the file 'D:/subirGITHUB/PyroDriver/PyroDriver/PyroDriver/PyroDriver.srcs/sim_1/new/pyro_maquina_estados_tb.vhd'.
CRITICAL WARNING: [Project 1-19] Could not find the file 'D:/subirGITHUB/PyroDriver/PyroDriver/PL3209/PL3209.srcs/sim_1/new/avrg_tb.vhd'.
CRITICAL WARNING: [Project 1-19] Could not find the file 'D:/subirGITHUB/PyroDriver/PyroDriver/PL3209/PL3209.srcs/sim_1/imports/new/pulse_det_tb.vhd'.
CRITICAL WARNING: [Project 1-19] Could not find the file 'D:/subirGITHUB/PyroDriver/PyroDriver/PL3209/PL3209.srcs/sim_1/imports/src/serializer_tb.vhd'.
CRITICAL WARNING: [Project 1-19] Could not find the file 'D:/subirGITHUB/PyroDriver/PyroDriver/PL3209/PL3209.srcs/sim_1/new/decodificador_tb.vhd'.
CRITICAL WARNING: [Project 1-19] Could not find the file 'D:/subirGITHUB/PyroDriver/PyroDriver/PyroDriver/PyroDriver.srcs/sim_1/new/pyro_state_machine_tb.vhd'.
CRITICAL WARNING: [Project 1-19] Could not find the file 'D:/subirGITHUB/PyroDriver/PyroDriver/PyroDriver/PyroDriver.srcs/sim_1/new/serializer_tb.vhd'.
Scanning sources...
Finished scanning sources
INFO: [IP_Flow 19-234] Refreshing IP repositories
INFO: [IP_Flow 19-1700] Loaded user IP repository 'd:/subirGITHUB/PyroDriver/PyroDriver/ip_repo'.
INFO: [IP_Flow 19-2313] Loaded Vivado IP repository 'C:/Xilinx/Vivado/2022.2/data/ip'.
open_project: Time (s): cpu = 00:00:08 ; elapsed = 00:00:09 . Memory (MB): peak = 1107.602 ; gain = 181.035
launch_simulation
Command: launch_simulation 
INFO: [Vivado 12-12493] Simulation top is 'control_mux_tb'
WARNING: [Vivado 12-13340] Unable to auto find GCC executables from simulator install path! (path not set)
WARNING: [Vivado 12-13277] Compiled library path does not exist: ''
INFO: [Vivado 12-5682] Launching behavioral simulation in 'D:/subirGITHUB/PyroDriver/PyroDriver/PyroDriver/PyroDriver.sim/sim_1/behav/xsim'
INFO: [SIM-utils-51] Simulation object is 'sim_1'
INFO: [SIM-utils-72] Using boost library from 'C:/Xilinx/Vivado/2022.2/tps/boost_1_72_0'
INFO: [SIM-utils-54] Inspecting design source files for 'control_mux_tb' in fileset 'sim_1'...
INFO: [USF-XSim-97] Finding global include files...
INFO: [USF-XSim-100] Fetching design files from 'sources_1'...(this may take a while)...
INFO: [USF-XSim-101] Fetching design files from 'sim_1'...
INFO: [USF-XSim-2] XSim::Compile design
INFO: [USF-XSim-61] Executing 'COMPILE and ANALYZE' step in 'D:/subirGITHUB/PyroDriver/PyroDriver/PyroDriver/PyroDriver.sim/sim_1/behav/xsim'
"xvhdl --relax -prj control_mux_tb_vhdl.prj"
ERROR: [XSIM 43-4316] Can not find file: ../../../../../IP_repo/adc_ctrl_1.0/src/serializer.vhd
INFO: [USF-XSim-69] 'compile' step finished in '1' seconds
INFO: [USF-XSim-99] Step results log file:'D:/subirGITHUB/PyroDriver/PyroDriver/PyroDriver/PyroDriver.sim/sim_1/behav/xsim/xvhdl.log'
ERROR: [USF-XSim-62] 'compile' step failed with error(s). Please check the Tcl console output or 'D:/subirGITHUB/PyroDriver/PyroDriver/PyroDriver/PyroDriver.sim/sim_1/behav/xsim/xvhdl.log' file for more information.
ERROR: [Vivado 12-4473] Detected error while running simulation. Please correct the issue and retry this operation.
ERROR: [Common 17-39] 'launch_simulation' failed due to earlier errors.
launch_simulation
Command: launch_simulation 
INFO: [Vivado 12-12493] Simulation top is 'control_mux_tb'
WARNING: [Vivado 12-13340] Unable to auto find GCC executables from simulator install path! (path not set)
WARNING: [Vivado 12-13277] Compiled library path does not exist: ''
INFO: [Vivado 12-5682] Launching behavioral simulation in 'D:/subirGITHUB/PyroDriver/PyroDriver/PyroDriver/PyroDriver.sim/sim_1/behav/xsim'
INFO: [SIM-utils-51] Simulation object is 'sim_1'
INFO: [SIM-utils-72] Using boost library from 'C:/Xilinx/Vivado/2022.2/tps/boost_1_72_0'
INFO: [SIM-utils-54] Inspecting design source files for 'control_mux_tb' in fileset 'sim_1'...
INFO: [USF-XSim-97] Finding global include files...
INFO: [USF-XSim-100] Fetching design files from 'sources_1'...(this may take a while)...
INFO: [USF-XSim-101] Fetching design files from 'sim_1'...
INFO: [USF-XSim-2] XSim::Compile design
INFO: [USF-XSim-61] Executing 'COMPILE and ANALYZE' step in 'D:/subirGITHUB/PyroDriver/PyroDriver/PyroDriver/PyroDriver.sim/sim_1/behav/xsim'
"xvhdl --relax -prj control_mux_tb_vhdl.prj"
ERROR: [XSIM 43-4316] Can not find file: ../../../../../ip_repo/adc_ctrl_1.0/src/serializer.vhd
INFO: [USF-XSim-69] 'compile' step finished in '1' seconds
INFO: [USF-XSim-99] Step results log file:'D:/subirGITHUB/PyroDriver/PyroDriver/PyroDriver/PyroDriver.sim/sim_1/behav/xsim/xvhdl.log'
ERROR: [USF-XSim-62] 'compile' step failed with error(s). Please check the Tcl console output or 'D:/subirGITHUB/PyroDriver/PyroDriver/PyroDriver/PyroDriver.sim/sim_1/behav/xsim/xvhdl.log' file for more information.
ERROR: [Vivado 12-4473] Detected error while running simulation. Please correct the issue and retry this operation.
ERROR: [Common 17-39] 'launch_simulation' failed due to earlier errors.
export_ip_user_files -of_objects  [get_files D:/subirGITHUB/PyroDriver/PyroDriver/ip_repo/adc_ctrl_1.0/src/serializer.vhd] -no_script -reset -force -quiet
remove_files  D:/subirGITHUB/PyroDriver/PyroDriver/ip_repo/adc_ctrl_1.0/src/serializer.vhd
export_ip_user_files -of_objects  [get_files D:/subirGITHUB/PyroDriver/PyroDriver/PyroDriver/PyroDriver.srcs/sources_1/new/serializer.vhd] -no_script -reset -force -quiet
remove_files  D:/subirGITHUB/PyroDriver/PyroDriver/PyroDriver/PyroDriver.srcs/sources_1/new/serializer.vhd
export_ip_user_files -of_objects  [get_files D:/subirGITHUB/PyroDriver/PyroDriver/PyroDriver/PyroDriver.srcs/sources_1/new/pyro_maquina_estados.vhd] -no_script -reset -force -quiet
remove_files  D:/subirGITHUB/PyroDriver/PyroDriver/PyroDriver/PyroDriver.srcs/sources_1/new/pyro_maquina_estados.vhd
export_ip_user_files -of_objects  [get_files D:/subirGITHUB/PyroDriver/PyroDriver/PyroDriver/PyroDriver.srcs/sources_1/new/ADC.vhd] -no_script -reset -force -quiet
remove_files  D:/subirGITHUB/PyroDriver/PyroDriver/PyroDriver/PyroDriver.srcs/sources_1/new/ADC.vhd
export_ip_user_files -of_objects  [get_files D:/subirGITHUB/PyroDriver/PyroDriver/ip_repo/adc_ctrl_1.0/src/arrays_pkg.vhd] -no_script -reset -force -quiet
remove_files  D:/subirGITHUB/PyroDriver/PyroDriver/ip_repo/adc_ctrl_1.0/src/arrays_pkg.vhd
export_ip_user_files -of_objects  [get_files D:/subirGITHUB/PyroDriver/PyroDriver/PyroDriver/PyroDriver.srcs/sources_1/new/before_ser_of_process.vhd] -no_script -reset -force -quiet
remove_files  D:/subirGITHUB/PyroDriver/PyroDriver/PyroDriver/PyroDriver.srcs/sources_1/new/before_ser_of_process.vhd
export_ip_user_files -of_objects  [get_files D:/subirGITHUB/PyroDriver/PyroDriver/PyroDriver/PyroDriver.srcs/sources_1/new/ltc2358_pkg.vhd] -no_script -reset -force -quiet
remove_files  D:/subirGITHUB/PyroDriver/PyroDriver/PyroDriver/PyroDriver.srcs/sources_1/new/ltc2358_pkg.vhd
export_ip_user_files -of_objects  [get_files D:/subirGITHUB/PyroDriver/PyroDriver/PyroDriver/PyroDriver.srcs/sources_1/new/pk_pk_det.vhd] -no_script -reset -force -quiet
remove_files  D:/subirGITHUB/PyroDriver/PyroDriver/PyroDriver/PyroDriver.srcs/sources_1/new/pk_pk_det.vhd
export_ip_user_files -of_objects  [get_files D:/subirGITHUB/PyroDriver/PyroDriver/PyroDriver/PyroDriver.srcs/sources_1/new/pk_pk_det_tb.vhd] -no_script -reset -force -quiet
remove_files  D:/subirGITHUB/PyroDriver/PyroDriver/PyroDriver/PyroDriver.srcs/sources_1/new/pk_pk_det_tb.vhd
export_ip_user_files -of_objects  [get_files D:/subirGITHUB/PyroDriver/PyroDriver/PyroDriver/PyroDriver.srcs/sources_1/new/pulse_pkpk_avrg.vhd] -no_script -reset -force -quiet
remove_files  D:/subirGITHUB/PyroDriver/PyroDriver/PyroDriver/PyroDriver.srcs/sources_1/new/pulse_pkpk_avrg.vhd
export_ip_user_files -of_objects  [get_files D:/PL3209_MIO/PL3209/PyroDriver/ADC_tb_behav.wcfg] -no_script -reset -force -quiet
remove_files  -fileset sim_1 D:/PL3209_MIO/PL3209/PyroDriver/ADC_tb_behav.wcfg
export_ip_user_files -of_objects  [get_files D:/PL3209_MIO/PL3209/PL3209/pulse_pkpk_avrg_tb_behav.wcfg] -no_script -reset -force -quiet
remove_files  -fileset sim_1 D:/PL3209_MIO/PL3209/PL3209/pulse_pkpk_avrg_tb_behav.wcfg
remove_files  -fileset sim_1 D:/PL3209_MIO/PL3209/PyroDriver/ADC_tb_behav.wcfg
WARNING: [Vivado 12-818] No files matched 'D:/PL3209_MIO/PL3209/PyroDriver/ADC_tb_behav.wcfg'
remove_files  -fileset sim_1 D:/PL3209_MIO/PL3209/PL3209/pulse_pkpk_avrg_tb_behav.wcfg
WARNING: [Vivado 12-818] No files matched 'D:/PL3209_MIO/PL3209/PL3209/pulse_pkpk_avrg_tb_behav.wcfg'
export_ip_user_files -of_objects  [get_files D:/PL3209_MIO/PL3209/PyroDriver/pulse_pkpk_avrg_tb_behav.wcfg] -no_script -reset -force -quiet
remove_files  -fileset sim_1 D:/PL3209_MIO/PL3209/PyroDriver/pulse_pkpk_avrg_tb_behav.wcfg
export_ip_user_files -of_objects  [get_files D:/PL3209_MIO/PL3209/PL3209/pyro_maquina_estados_tb_behav.wcfg] -no_script -reset -force -quiet
remove_files  -fileset sim_1 D:/PL3209_MIO/PL3209/PL3209/pyro_maquina_estados_tb_behav.wcfg
export_ip_user_files -of_objects  [get_files D:/PL3209_MIO/PL3209/PyroDriver/serializer_tb_behav.wcfg] -no_script -reset -force -quiet
remove_files  -fileset sim_1 D:/PL3209_MIO/PL3209/PyroDriver/serializer_tb_behav.wcfg
remove_files  -fileset sim_1 D:/PL3209_MIO/PL3209/PyroDriver/ADC_tb_behav.wcfg
WARNING: [Vivado 12-818] No files matched 'D:/PL3209_MIO/PL3209/PyroDriver/ADC_tb_behav.wcfg'
export_ip_user_files -of_objects  [get_files D:/subirGITHUB/PyroDriver/PyroDriver/PyroDriver/PyroDriver.srcs/sim_1/new/ADC_tb.vhd] -no_script -reset -force -quiet
remove_files  -fileset sim_1 D:/subirGITHUB/PyroDriver/PyroDriver/PyroDriver/PyroDriver.srcs/sim_1/new/ADC_tb.vhd
export_ip_user_files -of_objects  [get_files D:/subirGITHUB/PyroDriver/PyroDriver/PL3209/PL3209.srcs/sim_1/new/decodificador_tb.vhd] -no_script -reset -force -quiet
export_ip_user_files -of_objects  [get_files D:/subirGITHUB/PyroDriver/PyroDriver/PyroDriver/PyroDriver.srcs/sim_1/new/before_ser_of_process_tb.vhd] -no_script -reset -force -quiet
export_ip_user_files -of_objects  [get_files D:/subirGITHUB/PyroDriver/PyroDriver/PL3209/PL3209.srcs/sim_1/new/avrg_tb.vhd] -no_script -reset -force -quiet
export_ip_user_files -of_objects  [get_files D:/subirGITHUB/PyroDriver/PyroDriver/PL3209/PL3209.srcs/sim_1/imports/new/pulse_det_tb.vhd] -no_script -reset -force -quiet
export_ip_user_files -of_objects  [get_files D:/subirGITHUB/PyroDriver/PyroDriver/PyroDriver/PyroDriver.srcs/sim_1/new/pulse_pkpk_avrg_tb.vhd] -no_script -reset -force -quiet
export_ip_user_files -of_objects  [get_files D:/subirGITHUB/PyroDriver/PyroDriver/PyroDriver/PyroDriver.srcs/sim_1/new/pyro_maquina_estados_tb.vhd] -no_script -reset -force -quiet
export_ip_user_files -of_objects  [get_files D:/subirGITHUB/PyroDriver/PyroDriver/PyroDriver/PyroDriver.srcs/sim_1/new/pyro_state_machine_tb.vhd] -no_script -reset -force -quiet
export_ip_user_files -of_objects  [get_files D:/subirGITHUB/PyroDriver/PyroDriver/PL3209/PL3209.srcs/sim_1/imports/src/serializer_tb.vhd] -no_script -reset -force -quiet
export_ip_user_files -of_objects  [get_files D:/subirGITHUB/PyroDriver/PyroDriver/PyroDriver/PyroDriver.srcs/sim_1/new/serializer_tb.vhd] -no_script -reset -force -quiet
remove_files  -fileset sim_1 {D:/subirGITHUB/PyroDriver/PyroDriver/PL3209/PL3209.srcs/sim_1/new/decodificador_tb.vhd D:/subirGITHUB/PyroDriver/PyroDriver/PyroDriver/PyroDriver.srcs/sim_1/new/before_ser_of_process_tb.vhd D:/subirGITHUB/PyroDriver/PyroDriver/PL3209/PL3209.srcs/sim_1/new/avrg_tb.vhd D:/subirGITHUB/PyroDriver/PyroDriver/PL3209/PL3209.srcs/sim_1/imports/new/pulse_det_tb.vhd D:/subirGITHUB/PyroDriver/PyroDriver/PyroDriver/PyroDriver.srcs/sim_1/new/pulse_pkpk_avrg_tb.vhd D:/subirGITHUB/PyroDriver/PyroDriver/PyroDriver/PyroDriver.srcs/sim_1/new/pyro_maquina_estados_tb.vhd D:/subirGITHUB/PyroDriver/PyroDriver/PyroDriver/PyroDriver.srcs/sim_1/new/pyro_state_machine_tb.vhd D:/subirGITHUB/PyroDriver/PyroDriver/PL3209/PL3209.srcs/sim_1/imports/src/serializer_tb.vhd D:/subirGITHUB/PyroDriver/PyroDriver/PyroDriver/PyroDriver.srcs/sim_1/new/serializer_tb.vhd}
launch_simulation
Command: launch_simulation 
INFO: [Vivado 12-12493] Simulation top is 'control_mux_tb'
WARNING: [Vivado 12-13340] Unable to auto find GCC executables from simulator install path! (path not set)
WARNING: [Vivado 12-13277] Compiled library path does not exist: ''
INFO: [Vivado 12-5682] Launching behavioral simulation in 'D:/subirGITHUB/PyroDriver/PyroDriver/PyroDriver/PyroDriver.sim/sim_1/behav/xsim'
INFO: [SIM-utils-51] Simulation object is 'sim_1'
INFO: [SIM-utils-72] Using boost library from 'C:/Xilinx/Vivado/2022.2/tps/boost_1_72_0'
INFO: [SIM-utils-54] Inspecting design source files for 'control_mux_tb' in fileset 'sim_1'...
INFO: [USF-XSim-97] Finding global include files...
INFO: [USF-XSim-100] Fetching design files from 'sources_1'...(this may take a while)...
INFO: [USF-XSim-101] Fetching design files from 'sim_1'...
INFO: [USF-XSim-2] XSim::Compile design
INFO: [USF-XSim-61] Executing 'COMPILE and ANALYZE' step in 'D:/subirGITHUB/PyroDriver/PyroDriver/PyroDriver/PyroDriver.sim/sim_1/behav/xsim'
"xvhdl --relax -prj control_mux_tb_vhdl.prj"
INFO: [VRFC 10-163] Analyzing VHDL file "D:/subirGITHUB/PyroDriver/PyroDriver/PyroDriver/PyroDriver.srcs/sources_1/new/ltc2358_pyros_pkg.vhd" into library xil_defaultlib
INFO: [VRFC 10-163] Analyzing VHDL file "D:/subirGITHUB/PyroDriver/PyroDriver/PyroDriver/PyroDriver.srcs/sources_1/system_top.vhd" into library xil_defaultlib
INFO: [VRFC 10-3107] analyzing entity 'system_top'
INFO: [VRFC 10-163] Analyzing VHDL file "D:/subirGITHUB/PyroDriver/PyroDriver/PyroDriver/PyroDriver.srcs/sources_1/new/control_mux.vhd" into library xil_defaultlib
INFO: [VRFC 10-3107] analyzing entity 'control_mux'
INFO: [VRFC 10-163] Analyzing VHDL file "D:/subirGITHUB/PyroDriver/PyroDriver/PyroDriver/PyroDriver.srcs/sources_1/new/pyros_state_machine.vhd" into library xil_defaultlib
INFO: [VRFC 10-3107] analyzing entity 'pyros_state_machine'
INFO: [VRFC 10-163] Analyzing VHDL file "D:/subirGITHUB/PyroDriver/PyroDriver/PyroDriver/PyroDriver.srcs/sources_1/new/serial_out.vhd" into library xil_defaultlib
INFO: [VRFC 10-3107] analyzing entity 'serial_out'
INFO: [VRFC 10-163] Analyzing VHDL file "D:/subirGITHUB/PyroDriver/PyroDriver/PyroDriver/PyroDriver.srcs/sources_1/new/ltc2358_pyros.vhd" into library xil_defaultlib
INFO: [VRFC 10-3107] analyzing entity 'ltc2358_pyros'
ERROR: [VRFC 10-2989] 'a8sv16' is not declared [D:/subirGITHUB/PyroDriver/PyroDriver/PyroDriver/PyroDriver.srcs/sources_1/new/ltc2358_pyros.vhd:23]
ERROR: [VRFC 10-9458] unit 'ltc2358_pyros' is ignored due to previous errors [D:/subirGITHUB/PyroDriver/PyroDriver/PyroDriver/PyroDriver.srcs/sources_1/new/ltc2358_pyros.vhd:9]
INFO: [VRFC 10-8704] VHDL file 'D:/subirGITHUB/PyroDriver/PyroDriver/PyroDriver/PyroDriver.srcs/sources_1/new/ltc2358_pyros.vhd' is ignored due to errors
INFO: [USF-XSim-69] 'compile' step finished in '1' seconds
INFO: [USF-XSim-99] Step results log file:'D:/subirGITHUB/PyroDriver/PyroDriver/PyroDriver/PyroDriver.sim/sim_1/behav/xsim/xvhdl.log'
ERROR: [USF-XSim-62] 'compile' step failed with error(s). Please check the Tcl console output or 'D:/subirGITHUB/PyroDriver/PyroDriver/PyroDriver/PyroDriver.sim/sim_1/behav/xsim/xvhdl.log' file for more information.
ERROR: [Vivado 12-4473] Detected error while running simulation. Please correct the issue and retry this operation.
ERROR: [Common 17-39] 'launch_simulation' failed due to earlier errors.
reset_simulation -simset sim_1 -mode behavioral
INFO: [Vivado 12-2266] Removing simulation data...
INFO: [Vivado 12-2267] Reset complete
WARNING: [filemgmt 56-199] Attempt to get parsing info during refresh. "On-the-fly" syntax checking information may be incorrect. [D:\subirGITHUB\PyroDriver\PyroDriver\PyroDriver\PyroDriver.srcs\sources_1\new\serializer_pyros.vhd:]
WARNING: [filemgmt 56-199] Attempt to get parsing info during refresh. "On-the-fly" syntax checking information may be incorrect. [D:\subirGITHUB\PyroDriver\PyroDriver\PyroDriver\PyroDriver.srcs\sources_1\new\control_mux.vhd:]
WARNING: [filemgmt 56-199] Attempt to get parsing info during refresh. "On-the-fly" syntax checking information may be incorrect. [D:\subirGITHUB\PyroDriver\PyroDriver\PyroDriver\PyroDriver.srcs\sources_1\system_top.vhd:]
WARNING: [filemgmt 56-199] Attempt to get parsing info during refresh. "On-the-fly" syntax checking information may be incorrect. [D:\subirGITHUB\PyroDriver\PyroDriver\PyroDriver\PyroDriver.srcs\sources_1\new\ltc2358_pyros.vhd:]
WARNING: [filemgmt 56-199] Attempt to get parsing info during refresh. "On-the-fly" syntax checking information may be incorrect. [D:\subirGITHUB\PyroDriver\PyroDriver\PyroDriver\PyroDriver.srcs\sources_1\new\pulse_sequence.vhd:]
WARNING: [filemgmt 56-199] Attempt to get parsing info during refresh. "On-the-fly" syntax checking information may be incorrect. [D:\subirGITHUB\PyroDriver\PyroDriver\PyroDriver\PyroDriver.srcs\sources_1\new\pyros_state_machine.vhd:]
WARNING: [filemgmt 56-199] Attempt to get parsing info during refresh. "On-the-fly" syntax checking information may be incorrect. [D:\subirGITHUB\PyroDriver\PyroDriver\PyroDriver\PyroDriver.srcs\sources_1\new\serializer_pyros.vhd:]
WARNING: [filemgmt 56-199] Attempt to get parsing info during refresh. "On-the-fly" syntax checking information may be incorrect. [D:\subirGITHUB\PyroDriver\PyroDriver\PyroDriver\PyroDriver.srcs\sources_1\new\control_mux.vhd:]
WARNING: [filemgmt 56-199] Attempt to get parsing info during refresh. "On-the-fly" syntax checking information may be incorrect. [D:\subirGITHUB\PyroDriver\PyroDriver\PyroDriver\PyroDriver.srcs\sources_1\system_top.vhd:]
WARNING: [filemgmt 56-199] Attempt to get parsing info during refresh. "On-the-fly" syntax checking information may be incorrect. [D:\subirGITHUB\PyroDriver\PyroDriver\PyroDriver\PyroDriver.srcs\sources_1\new\ltc2358_pyros.vhd:]
WARNING: [filemgmt 56-199] Attempt to get parsing info during refresh. "On-the-fly" syntax checking information may be incorrect. [D:\subirGITHUB\PyroDriver\PyroDriver\PyroDriver\PyroDriver.srcs\sources_1\new\pulse_sequence.vhd:]
WARNING: [filemgmt 56-199] Attempt to get parsing info during refresh. "On-the-fly" syntax checking information may be incorrect. [D:\subirGITHUB\PyroDriver\PyroDriver\PyroDriver\PyroDriver.srcs\sources_1\new\pyros_state_machine.vhd:]
WARNING: [filemgmt 56-199] Attempt to get parsing info during refresh. "On-the-fly" syntax checking information may be incorrect. [D:\subirGITHUB\PyroDriver\PyroDriver\PyroDriver\PyroDriver.srcs\sources_1\new\serializer_pyros.vhd:]
WARNING: [filemgmt 56-199] Attempt to get parsing info during refresh. "On-the-fly" syntax checking information may be incorrect. [D:\subirGITHUB\PyroDriver\PyroDriver\PyroDriver\PyroDriver.srcs\sources_1\new\control_mux.vhd:]
WARNING: [filemgmt 56-199] Attempt to get parsing info during refresh. "On-the-fly" syntax checking information may be incorrect. [D:\subirGITHUB\PyroDriver\PyroDriver\PyroDriver\PyroDriver.srcs\sources_1\system_top.vhd:]
WARNING: [filemgmt 56-199] Attempt to get parsing info during refresh. "On-the-fly" syntax checking information may be incorrect. [D:\subirGITHUB\PyroDriver\PyroDriver\PyroDriver\PyroDriver.srcs\sources_1\new\ltc2358_pyros.vhd:]
WARNING: [filemgmt 56-199] Attempt to get parsing info during refresh. "On-the-fly" syntax checking information may be incorrect. [D:\subirGITHUB\PyroDriver\PyroDriver\PyroDriver\PyroDriver.srcs\sources_1\new\pulse_sequence.vhd:]
WARNING: [filemgmt 56-199] Attempt to get parsing info during refresh. "On-the-fly" syntax checking information may be incorrect. [D:\subirGITHUB\PyroDriver\PyroDriver\PyroDriver\PyroDriver.srcs\sources_1\new\pyros_state_machine.vhd:]
WARNING: [filemgmt 56-199] Attempt to get parsing info during refresh. "On-the-fly" syntax checking information may be incorrect. [D:\subirGITHUB\PyroDriver\PyroDriver\PyroDriver\PyroDriver.srcs\sources_1\new\serializer_pyros.vhd:]
WARNING: [filemgmt 56-199] Attempt to get parsing info during refresh. "On-the-fly" syntax checking information may be incorrect. [D:\subirGITHUB\PyroDriver\PyroDriver\PyroDriver\PyroDriver.srcs\sources_1\new\control_mux.vhd:]
WARNING: [filemgmt 56-199] Attempt to get parsing info during refresh. "On-the-fly" syntax checking information may be incorrect. [D:\subirGITHUB\PyroDriver\PyroDriver\PyroDriver\PyroDriver.srcs\sources_1\system_top.vhd:]
WARNING: [filemgmt 56-199] Attempt to get parsing info during refresh. "On-the-fly" syntax checking information may be incorrect. [D:\subirGITHUB\PyroDriver\PyroDriver\PyroDriver\PyroDriver.srcs\sources_1\new\ltc2358_pyros.vhd:]
WARNING: [filemgmt 56-199] Attempt to get parsing info during refresh. "On-the-fly" syntax checking information may be incorrect. [D:\subirGITHUB\PyroDriver\PyroDriver\PyroDriver\PyroDriver.srcs\sources_1\new\pulse_sequence.vhd:]
WARNING: [filemgmt 56-199] Attempt to get parsing info during refresh. "On-the-fly" syntax checking information may be incorrect. [D:\subirGITHUB\PyroDriver\PyroDriver\PyroDriver\PyroDriver.srcs\sources_1\new\pyros_state_machine.vhd:]
ERROR: [Common 17-180] Spawn failed: No error
WARNING: [filemgmt 56-199] Attempt to get parsing info during refresh. "On-the-fly" syntax checking information may be incorrect. [D:\subirGITHUB\PyroDriver\PyroDriver\PyroDriver\PyroDriver.srcs\sources_1\new\serializer_pyros.vhd:]
WARNING: [filemgmt 56-199] Attempt to get parsing info during refresh. "On-the-fly" syntax checking information may be incorrect. [D:\subirGITHUB\PyroDriver\PyroDriver\PyroDriver\PyroDriver.srcs\sources_1\new\control_mux.vhd:]
WARNING: [filemgmt 56-199] Attempt to get parsing info during refresh. "On-the-fly" syntax checking information may be incorrect. [D:\subirGITHUB\PyroDriver\PyroDriver\PyroDriver\PyroDriver.srcs\sources_1\system_top.vhd:]
WARNING: [filemgmt 56-199] Attempt to get parsing info during refresh. "On-the-fly" syntax checking information may be incorrect. [D:\subirGITHUB\PyroDriver\PyroDriver\PyroDriver\PyroDriver.srcs\sources_1\new\ltc2358_pyros.vhd:]
WARNING: [filemgmt 56-199] Attempt to get parsing info during refresh. "On-the-fly" syntax checking information may be incorrect. [D:\subirGITHUB\PyroDriver\PyroDriver\PyroDriver\PyroDriver.srcs\sources_1\new\pulse_sequence.vhd:]
WARNING: [filemgmt 56-199] Attempt to get parsing info during refresh. "On-the-fly" syntax checking information may be incorrect. [D:\subirGITHUB\PyroDriver\PyroDriver\PyroDriver\PyroDriver.srcs\sources_1\new\pyros_state_machine.vhd:]
ERROR: [Common 17-180] Spawn failed: No error
launch_simulation
Command: launch_simulation 
INFO: [Vivado 12-12493] Simulation top is 'control_mux_tb'
WARNING: [Vivado 12-13340] Unable to auto find GCC executables from simulator install path! (path not set)
WARNING: [Vivado 12-13277] Compiled library path does not exist: ''
INFO: [Vivado 12-5682] Launching behavioral simulation in 'D:/subirGITHUB/PyroDriver/PyroDriver/PyroDriver/PyroDriver.sim/sim_1/behav/xsim'
INFO: [SIM-utils-51] Simulation object is 'sim_1'
INFO: [SIM-utils-72] Using boost library from 'C:/Xilinx/Vivado/2022.2/tps/boost_1_72_0'
INFO: [SIM-utils-54] Inspecting design source files for 'control_mux_tb' in fileset 'sim_1'...
INFO: [USF-XSim-97] Finding global include files...
INFO: [USF-XSim-100] Fetching design files from 'sources_1'...(this may take a while)...
INFO: [USF-XSim-101] Fetching design files from 'sim_1'...
INFO: [USF-XSim-2] XSim::Compile design
INFO: [USF-XSim-61] Executing 'COMPILE and ANALYZE' step in 'D:/subirGITHUB/PyroDriver/PyroDriver/PyroDriver/PyroDriver.sim/sim_1/behav/xsim'
"xvhdl --relax -prj control_mux_tb_vhdl.prj"
INFO: [VRFC 10-163] Analyzing VHDL file "D:/subirGITHUB/PyroDriver/PyroDriver/PyroDriver/PyroDriver.srcs/sources_1/new/ltc2358_pyros_pkg.vhd" into library xil_defaultlib
INFO: [VRFC 10-163] Analyzing VHDL file "D:/subirGITHUB/PyroDriver/PyroDriver/PyroDriver/PyroDriver.srcs/sources_1/system_top.vhd" into library xil_defaultlib
INFO: [VRFC 10-3107] analyzing entity 'system_top'
INFO: [VRFC 10-163] Analyzing VHDL file "D:/subirGITHUB/PyroDriver/PyroDriver/PyroDriver/PyroDriver.srcs/sources_1/new/control_mux.vhd" into library xil_defaultlib
INFO: [VRFC 10-3107] analyzing entity 'control_mux'
INFO: [VRFC 10-163] Analyzing VHDL file "D:/subirGITHUB/PyroDriver/PyroDriver/PyroDriver/PyroDriver.srcs/sources_1/new/pyros_state_machine.vhd" into library xil_defaultlib
INFO: [VRFC 10-3107] analyzing entity 'pyros_state_machine'
INFO: [VRFC 10-163] Analyzing VHDL file "D:/subirGITHUB/PyroDriver/PyroDriver/PyroDriver/PyroDriver.srcs/sources_1/new/serial_out.vhd" into library xil_defaultlib
INFO: [VRFC 10-3107] analyzing entity 'serial_out'
INFO: [VRFC 10-163] Analyzing VHDL file "D:/subirGITHUB/PyroDriver/PyroDriver/PyroDriver/PyroDriver.srcs/sources_1/new/ltc2358_pyros.vhd" into library xil_defaultlib
INFO: [VRFC 10-3107] analyzing entity 'ltc2358_pyros'
ERROR: [VRFC 10-2989] 'a8sv16' is not declared [D:/subirGITHUB/PyroDriver/PyroDriver/PyroDriver/PyroDriver.srcs/sources_1/new/ltc2358_pyros.vhd:23]
ERROR: [VRFC 10-9458] unit 'ltc2358_pyros' is ignored due to previous errors [D:/subirGITHUB/PyroDriver/PyroDriver/PyroDriver/PyroDriver.srcs/sources_1/new/ltc2358_pyros.vhd:9]
INFO: [VRFC 10-8704] VHDL file 'D:/subirGITHUB/PyroDriver/PyroDriver/PyroDriver/PyroDriver.srcs/sources_1/new/ltc2358_pyros.vhd' is ignored due to errors
INFO: [USF-XSim-69] 'compile' step finished in '2' seconds
INFO: [USF-XSim-99] Step results log file:'D:/subirGITHUB/PyroDriver/PyroDriver/PyroDriver/PyroDriver.sim/sim_1/behav/xsim/xvhdl.log'
ERROR: [USF-XSim-62] 'compile' step failed with error(s). Please check the Tcl console output or 'D:/subirGITHUB/PyroDriver/PyroDriver/PyroDriver/PyroDriver.sim/sim_1/behav/xsim/xvhdl.log' file for more information.
ERROR: [Vivado 12-4473] Detected error while running simulation. Please correct the issue and retry this operation.
ERROR: [Common 17-39] 'launch_simulation' failed due to earlier errors.
launch_simulation
Command: launch_simulation 
INFO: [Vivado 12-12493] Simulation top is 'control_mux_tb'
WARNING: [Vivado 12-13340] Unable to auto find GCC executables from simulator install path! (path not set)
WARNING: [Vivado 12-13277] Compiled library path does not exist: ''
INFO: [Vivado 12-5682] Launching behavioral simulation in 'D:/subirGITHUB/PyroDriver/PyroDriver/PyroDriver/PyroDriver.sim/sim_1/behav/xsim'
INFO: [SIM-utils-51] Simulation object is 'sim_1'
INFO: [SIM-utils-72] Using boost library from 'C:/Xilinx/Vivado/2022.2/tps/boost_1_72_0'
INFO: [SIM-utils-54] Inspecting design source files for 'control_mux_tb' in fileset 'sim_1'...
INFO: [USF-XSim-97] Finding global include files...
INFO: [USF-XSim-100] Fetching design files from 'sources_1'...(this may take a while)...
INFO: [USF-XSim-101] Fetching design files from 'sim_1'...
INFO: [USF-XSim-2] XSim::Compile design
INFO: [USF-XSim-61] Executing 'COMPILE and ANALYZE' step in 'D:/subirGITHUB/PyroDriver/PyroDriver/PyroDriver/PyroDriver.sim/sim_1/behav/xsim'
"xvhdl --relax -prj control_mux_tb_vhdl.prj"
INFO: [VRFC 10-163] Analyzing VHDL file "D:/subirGITHUB/PyroDriver/PyroDriver/PyroDriver/PyroDriver.srcs/sources_1/new/ltc2358_pyros_pkg.vhd" into library xil_defaultlib
INFO: [VRFC 10-163] Analyzing VHDL file "D:/subirGITHUB/PyroDriver/PyroDriver/PyroDriver/PyroDriver.srcs/sources_1/system_top.vhd" into library xil_defaultlib
INFO: [VRFC 10-3107] analyzing entity 'system_top'
INFO: [VRFC 10-163] Analyzing VHDL file "D:/subirGITHUB/PyroDriver/PyroDriver/PyroDriver/PyroDriver.srcs/sources_1/new/control_mux.vhd" into library xil_defaultlib
INFO: [VRFC 10-3107] analyzing entity 'control_mux'
INFO: [VRFC 10-163] Analyzing VHDL file "D:/subirGITHUB/PyroDriver/PyroDriver/PyroDriver/PyroDriver.srcs/sources_1/new/pyros_state_machine.vhd" into library xil_defaultlib
INFO: [VRFC 10-3107] analyzing entity 'pyros_state_machine'
INFO: [VRFC 10-163] Analyzing VHDL file "D:/subirGITHUB/PyroDriver/PyroDriver/PyroDriver/PyroDriver.srcs/sources_1/new/serial_out.vhd" into library xil_defaultlib
INFO: [VRFC 10-3107] analyzing entity 'serial_out'
INFO: [VRFC 10-163] Analyzing VHDL file "D:/subirGITHUB/PyroDriver/PyroDriver/PyroDriver/PyroDriver.srcs/sources_1/new/ltc2358_pyros.vhd" into library xil_defaultlib
INFO: [VRFC 10-3107] analyzing entity 'ltc2358_pyros'
INFO: [VRFC 10-163] Analyzing VHDL file "D:/subirGITHUB/PyroDriver/PyroDriver/PyroDriver/PyroDriver.srcs/sources_1/new/pulse_sequence.vhd" into library xil_defaultlib
INFO: [VRFC 10-3107] analyzing entity 'pulse_sequence'
INFO: [VRFC 10-163] Analyzing VHDL file "D:/subirGITHUB/PyroDriver/PyroDriver/PyroDriver/PyroDriver.srcs/sources_1/new/serializer_pyros.vhd" into library xil_defaultlib
INFO: [VRFC 10-3107] analyzing entity 'serializer_pyros'
INFO: [VRFC 10-163] Analyzing VHDL file "D:/subirGITHUB/PyroDriver/PyroDriver/PyroDriver/PyroDriver.srcs/sim_1/new/ltc2358_pyros_tb.vhd" into library xil_defaultlib
INFO: [VRFC 10-3107] analyzing entity 'ltc2358_pyros_tb'
ERROR: [VRFC 10-2945] 'ltc2358_pyros_tb' is not a component [D:/subirGITHUB/PyroDriver/PyroDriver/PyroDriver/PyroDriver.srcs/sim_1/new/ltc2358_pyros_tb.vhd:70]
ERROR: [VRFC 10-719] formal port/generic <clk> is not declared in <ltc2358_pyros_tb> [D:/subirGITHUB/PyroDriver/PyroDriver/PyroDriver/PyroDriver.srcs/sim_1/new/ltc2358_pyros_tb.vhd:71]
ERROR: [VRFC 10-9458] unit 'behavioral' is ignored due to previous errors [D:/subirGITHUB/PyroDriver/PyroDriver/PyroDriver/PyroDriver.srcs/sim_1/new/ltc2358_pyros_tb.vhd:34]
INFO: [VRFC 10-8704] VHDL file 'D:/subirGITHUB/PyroDriver/PyroDriver/PyroDriver/PyroDriver.srcs/sim_1/new/ltc2358_pyros_tb.vhd' is ignored due to errors
INFO: [USF-XSim-69] 'compile' step finished in '1' seconds
INFO: [USF-XSim-99] Step results log file:'D:/subirGITHUB/PyroDriver/PyroDriver/PyroDriver/PyroDriver.sim/sim_1/behav/xsim/xvhdl.log'
ERROR: [USF-XSim-62] 'compile' step failed with error(s). Please check the Tcl console output or 'D:/subirGITHUB/PyroDriver/PyroDriver/PyroDriver/PyroDriver.sim/sim_1/behav/xsim/xvhdl.log' file for more information.
ERROR: [Vivado 12-4473] Detected error while running simulation. Please correct the issue and retry this operation.
ERROR: [Common 17-39] 'launch_simulation' failed due to earlier errors.
set_property SOURCE_SET sources_1 [get_filesets sim_1]
add_files -fileset sim_1 -norecurse -scan_for_includes D:/subirGITHUB/PyroDriver/PyroDriver/PyroDriver/PyroDriver.srcs/sim_1/new/ltc2358_pyros_tb.vhd
WARNING: [filemgmt 56-12] File 'D:/subirGITHUB/PyroDriver/PyroDriver/PyroDriver/PyroDriver.srcs/sim_1/new/ltc2358_pyros_tb.vhd' cannot be added to the project because it already exists in the project, skipping this file
exit
INFO: [Common 17-206] Exiting Vivado at Mon Apr 24 11:15:29 2023...
