#-----------------------------------------------------------
# Webtalk v2019.1 (64-bit)
# SW Build 2552052 on Fri May 24 14:47:09 MDT 2019
# 
# Start of session at: Wed Apr 28 16:31:04 2021
# Process ID: 90017
# Current directory: /home/javier/prj/H2004/Firmware/H2004-xxSM/PL3160/PL3160/PL3160.sdk/webtalk
# Command line: wbtcv -mode batch -source sdk_webtalk.tcl
# Log file: /home/javier/prj/H2004/Firmware/H2004-xxSM/PL3160/PL3160/PL3160.sdk/webtalk/webtalk.log
# Journal file: /home/javier/prj/H2004/Firmware/H2004-xxSM/PL3160/PL3160/PL3160.sdk/webtalk/webtalk.jou
#-----------------------------------------------------------
source sdk_webtalk.tcl
# webtalk_init -webtalk_dir /home/javier/prj/H2004/Firmware/H2004-xxSM/PL3160/PL3160/PL3160.sdk/webtalk
# webtalk_register_client -client project
# webtalk_add_data -client project -key date_generated -value "2021-04-28 16:31:03" -context "software_version_and_target_device"
# webtalk_add_data -client project -key product_version -value "SDK v2019.1" -context "software_version_and_target_device"
# webtalk_add_data -client project -key build_version -value "2019.1" -context "software_version_and_target_device"
# webtalk_add_data -client project -key os_platform -value "amd64" -context "software_version_and_target_device"
# webtalk_add_data -client project -key registration_id -value "" -context "software_version_and_target_device"
# webtalk_add_data -client project -key tool_flow -value "SDK" -context "software_version_and_target_device"
# webtalk_add_data -client project -key beta -value "false" -context "software_version_and_target_device"
# webtalk_add_data -client project -key route_design -value "NA" -context "software_version_and_target_device"
# webtalk_add_data -client project -key target_family -value "NA" -context "software_version_and_target_device"
# webtalk_add_data -client project -key target_device -value "NA" -context "software_version_and_target_device"
# webtalk_add_data -client project -key target_package -value "NA" -context "software_version_and_target_device"
# webtalk_add_data -client project -key target_speed -value "NA" -context "software_version_and_target_device"
# webtalk_add_data -client project -key random_id -value "qcrn3vq06l77v8u2j10csg1mqj" -context "software_version_and_target_device"
# webtalk_add_data -client project -key project_id -value "2019.1_75" -context "software_version_and_target_device"
# webtalk_add_data -client project -key project_iteration -value "75" -context "software_version_and_target_device"
# webtalk_add_data -client project -key os_name -value "Ubuntu" -context "user_environment"
# webtalk_add_data -client project -key os_release -value "Ubuntu 20.04.2 LTS" -context "user_environment"
# webtalk_add_data -client project -key cpu_name -value "Intel(R) Xeon(R) CPU E3-1535M v6 @ 3.10GHz" -context "user_environment"
# webtalk_add_data -client project -key cpu_speed -value "2321.778 MHz" -context "user_environment"
# webtalk_add_data -client project -key total_processors -value "1" -context "user_environment"
# webtalk_add_data -client project -key system_ram -value "67.287 GB" -context "user_environment"
# webtalk_register_client -client sdk
# webtalk_add_data -client sdk -key uid -value "1619620058000" -context "sdk\\\\hardware/1619620058000"
# webtalk_add_data -client sdk -key isZynq -value "true" -context "sdk\\\\hardware/1619620058000"
# webtalk_add_data -client sdk -key isZynqMP -value "false" -context "sdk\\\\hardware/1619620058000"
# webtalk_add_data -client sdk -key Processors -value "2" -context "sdk\\\\hardware/1619620058000"
# webtalk_add_data -client sdk -key VivadoVersion -value "2019.1" -context "sdk\\\\hardware/1619620058000"
# webtalk_add_data -client sdk -key Arch -value "zynq" -context "sdk\\\\hardware/1619620058000"
# webtalk_add_data -client sdk -key Device -value "7z010" -context "sdk\\\\hardware/1619620058000"
# webtalk_add_data -client sdk -key IsHandoff -value "true" -context "sdk\\\\hardware/1619620058000"
# webtalk_add_data -client sdk -key os -value "NA" -context "sdk\\\\hardware/1619620058000"
# webtalk_add_data -client sdk -key apptemplate -value "NA" -context "sdk\\\\hardware/1619620058000"
# webtalk_add_data -client sdk -key RecordType -value "HWCreation" -context "sdk\\\\hardware/1619620058000"
# webtalk_add_data -client sdk -key uid -value "NA" -context "sdk\\\\bsp/1619620263386"
# webtalk_add_data -client sdk -key RecordType -value "ToolUsage" -context "sdk\\\\bsp/1619620263386"
# webtalk_add_data -client sdk -key BootgenCount -value "0" -context "sdk\\\\bsp/1619620263386"
# webtalk_add_data -client sdk -key DebugCount -value "0" -context "sdk\\\\bsp/1619620263386"
# webtalk_add_data -client sdk -key PerfCount -value "0" -context "sdk\\\\bsp/1619620263386"
# webtalk_add_data -client sdk -key FlashCount -value "0" -context "sdk\\\\bsp/1619620263386"
# webtalk_add_data -client sdk -key CrossTriggCount -value "0" -context "sdk\\\\bsp/1619620263386"
# webtalk_add_data -client sdk -key QemuDebugCount -value "0" -context "sdk\\\\bsp/1619620263386"
# webtalk_transmit -clientid 2609347225 -regid "" -xml /home/javier/prj/H2004/Firmware/H2004-xxSM/PL3160/PL3160/PL3160.sdk/webtalk/usage_statistics_ext_sdk.xml -html /home/javier/prj/H2004/Firmware/H2004-xxSM/PL3160/PL3160/PL3160.sdk/webtalk/usage_statistics_ext_sdk.html -wdm /home/javier/prj/H2004/Firmware/H2004-xxSM/PL3160/PL3160/PL3160.sdk/webtalk/sdk_webtalk.wdm -intro "<H3>SDK Usage Report</H3><BR>"
# webtalk_terminate
INFO: [Common 17-206] Exiting Webtalk at Wed Apr 28 16:31:04 2021...
